{"level":"DEBUG","time":"2021-04-13T16:30:57.050+0800","caller":"web_opp/main.go:37","msg":"logger init success..."}
{"level":"DEBUG","time":"2021-04-13T16:32:50.540+0800","caller":"web_opp/main.go:37","msg":"logger init success..."}
{"level":"DEBUG","time":"2021-04-13T16:36:17.969+0800","caller":"web_opp/main.go:37","msg":"logger init success..."}
{"level":"DEBUG","time":"2021-04-13T16:37:24.390+0800","caller":"web_opp/main.go:37","msg":"logger init success..."}
{"level":"DEBUG","time":"2021-04-13T16:41:33.548+0800","caller":"web_opp/main.go:37","msg":"logger init success..."}
{"level":"DEBUG","time":"2021-04-13T16:43:49.422+0800","caller":"web_opp/main.go:37","msg":"logger init success..."}
{"level":"DEBUG","time":"2021-04-13T16:44:22.549+0800","caller":"web_opp/main.go:37","msg":"logger init success..."}
{"level":"DEBUG","time":"2021-04-13T16:44:35.873+0800","caller":"web_opp/main.go:37","msg":"logger init success..."}
{"level":"DEBUG","time":"2021-04-13T16:44:54.571+0800","caller":"web_opp/main.go:37","msg":"logger init success..."}
{"level":"DEBUG","time":"2021-04-13T16:45:31.065+0800","caller":"web_opp/main.go:37","msg":"logger init success..."}
{"level":"DEBUG","time":"2021-04-13T16:49:29.717+0800","caller":"web_opp/main.go:37","msg":"logger init success..."}
{"level":"DEBUG","time":"2021-04-13T16:50:32.309+0800","caller":"web_opp/main.go:37","msg":"logger init success..."}
{"level":"DEBUG","time":"2021-04-13T16:50:41.332+0800","caller":"web_opp/main.go:37","msg":"logger init success..."}
{"level":"DEBUG","time":"2021-04-13T16:51:25.656+0800","caller":"web_opp/main.go:37","msg":"logger init success..."}
{"level":"DEBUG","time":"2021-04-13T16:52:30.721+0800","caller":"web_opp/main.go:37","msg":"logger init success..."}
{"level":"DEBUG","time":"2021-04-13T16:53:05.059+0800","caller":"web_opp/main.go:37","msg":"logger init success..."}
{"level":"INFO","time":"2021-04-13T16:53:17.614+0800","caller":"logger/logger.go:71","msg":"/","status":200,"method":"GET","path":"/","query":"","ip":"::1","user-agent":"Mozilla/5.0 (Windows NT 10.0; Win64; x64) AppleWebKit/537.36 (KHTML, like Gecko) Chrome/89.0.4389.82 Safari/537.36","errors":"","cost":0.0010984}
{"level":"INFO","time":"2021-04-13T16:53:17.714+0800","caller":"logger/logger.go:71","msg":"/favicon.ico","status":404,"method":"GET","path":"/favicon.ico","query":"","ip":"::1","user-agent":"Mozilla/5.0 (Windows NT 10.0; Win64; x64) AppleWebKit/537.36 (KHTML, like Gecko) Chrome/89.0.4389.82 Safari/537.36","errors":"","cost":0}
{"level":"DEBUG","time":"2021-04-14T14:18:23.968+0800","caller":"go_cli/main.go:37","msg":"logger init success..."}
{"level":"DEBUG","time":"2021-04-14T15:33:09.584+0800","caller":"go_cli/main.go:37","msg":"logger init success..."}
{"level":"DEBUG","time":"2021-04-14T15:35:21.620+0800","caller":"go_cli/main.go:37","msg":"logger init success..."}
{"level":"DEBUG","time":"2021-04-14T15:35:55.031+0800","caller":"go_cli/main.go:37","msg":"logger init success..."}
{"level":"DEBUG","time":"2021-04-14T15:38:11.604+0800","caller":"go_cli/main.go:37","msg":"logger init success..."}
{"level":"DEBUG","time":"2021-04-14T15:38:35.133+0800","caller":"go_cli/main.go:37","msg":"logger init success..."}
{"level":"DEBUG","time":"2021-04-14T15:38:51.041+0800","caller":"go_cli/main.go:37","msg":"logger init success..."}
{"level":"DEBUG","time":"2021-04-14T15:40:02.330+0800","caller":"go_cli/main.go:38","msg":"logger init success..."}
{"level":"DEBUG","time":"2021-04-14T15:41:23.943+0800","caller":"go_cli/main.go:38","msg":"logger init success..."}
{"level":"DEBUG","time":"2021-04-14T15:42:05.970+0800","caller":"go_cli/main.go:38","msg":"logger init success..."}
{"level":"DEBUG","time":"2021-04-14T15:43:18.906+0800","caller":"go_cli/main.go:38","msg":"logger init success..."}
{"level":"DEBUG","time":"2021-04-14T15:43:35.517+0800","caller":"go_cli/main.go:38","msg":"logger init success..."}
{"level":"DEBUG","time":"2021-04-14T15:47:55.145+0800","caller":"go_cli/main.go:38","msg":"logger init success..."}
{"level":"DEBUG","time":"2021-04-14T15:48:13.482+0800","caller":"go_cli/main.go:38","msg":"logger init success..."}
{"level":"DEBUG","time":"2021-04-14T15:48:50.710+0800","caller":"go_cli/main.go:38","msg":"logger init success..."}
{"level":"DEBUG","time":"2021-04-14T15:50:36.375+0800","caller":"go_cli/main.go:36","msg":"logger init success..."}
{"level":"INFO","time":"2021-04-14T15:50:44.651+0800","caller":"logger/logger.go:76","msg":"/","status":200,"method":"GET","path":"/","query":"","ip":"::1","user-agent":"Mozilla/5.0 (Windows NT 10.0; Win64; x64) AppleWebKit/537.36 (KHTML, like Gecko) Chrome/89.0.4389.82 Safari/537.36","errors":"","cost":0.0009218}
{"level":"DEBUG","time":"2021-04-14T15:59:49.515+0800","caller":"go_cli/main.go:36","msg":"logger init success..."}
{"level":"DEBUG","time":"2021-04-14T16:00:57.470+0800","caller":"go_cli/main.go:36","msg":"logger init success..."}
{"level":"DEBUG","time":"2021-04-14T16:01:25.794+0800","caller":"go_cli/main.go:36","msg":"logger init success..."}
{"level":"DEBUG","time":"2021-04-14T16:01:34.920+0800","caller":"go_cli/main.go:36","msg":"logger init success..."}
{"level":"DEBUG","time":"2021-04-14T16:02:25.192+0800","caller":"go_cli/main.go:36","msg":"logger init success..."}
{"level":"INFO","time":"2021-04-14T16:02:31.046+0800","caller":"logger/logger.go:76","msg":"/","status":200,"method":"GET","path":"/","query":"","ip":"::1","user-agent":"Mozilla/5.0 (Windows NT 10.0; Win64; x64) AppleWebKit/537.36 (KHTML, like Gecko) Chrome/89.0.4389.82 Safari/537.36","errors":"","cost":0.000352}
{"level":"INFO","time":"2021-04-14T16:02:31.545+0800","caller":"logger/logger.go:76","msg":"/","status":200,"method":"GET","path":"/","query":"","ip":"::1","user-agent":"Mozilla/5.0 (Windows NT 10.0; Win64; x64) AppleWebKit/537.36 (KHTML, like Gecko) Chrome/89.0.4389.82 Safari/537.36","errors":"","cost":0}
{"level":"INFO","time":"2021-04-14T16:02:31.735+0800","caller":"logger/logger.go:76","msg":"/","status":200,"method":"GET","path":"/","query":"","ip":"::1","user-agent":"Mozilla/5.0 (Windows NT 10.0; Win64; x64) AppleWebKit/537.36 (KHTML, like Gecko) Chrome/89.0.4389.82 Safari/537.36","errors":"","cost":0}
{"level":"INFO","time":"2021-04-14T16:02:31.890+0800","caller":"logger/logger.go:76","msg":"/","status":200,"method":"GET","path":"/","query":"","ip":"::1","user-agent":"Mozilla/5.0 (Windows NT 10.0; Win64; x64) AppleWebKit/537.36 (KHTML, like Gecko) Chrome/89.0.4389.82 Safari/537.36","errors":"","cost":0}
{"level":"INFO","time":"2021-04-14T16:02:32.045+0800","caller":"logger/logger.go:76","msg":"/","status":200,"method":"GET","path":"/","query":"","ip":"::1","user-agent":"Mozilla/5.0 (Windows NT 10.0; Win64; x64) AppleWebKit/537.36 (KHTML, like Gecko) Chrome/89.0.4389.82 Safari/537.36","errors":"","cost":0}
{"level":"INFO","time":"2021-04-14T16:02:32.186+0800","caller":"logger/logger.go:76","msg":"/","status":200,"method":"GET","path":"/","query":"","ip":"::1","user-agent":"Mozilla/5.0 (Windows NT 10.0; Win64; x64) AppleWebKit/537.36 (KHTML, like Gecko) Chrome/89.0.4389.82 Safari/537.36","errors":"","cost":0}
{"level":"INFO","time":"2021-04-14T16:02:32.409+0800","caller":"logger/logger.go:76","msg":"/","status":200,"method":"GET","path":"/","query":"","ip":"::1","user-agent":"Mozilla/5.0 (Windows NT 10.0; Win64; x64) AppleWebKit/537.36 (KHTML, like Gecko) Chrome/89.0.4389.82 Safari/537.36","errors":"","cost":0}
{"level":"INFO","time":"2021-04-14T16:02:32.577+0800","caller":"logger/logger.go:76","msg":"/","status":200,"method":"GET","path":"/","query":"","ip":"::1","user-agent":"Mozilla/5.0 (Windows NT 10.0; Win64; x64) AppleWebKit/537.36 (KHTML, like Gecko) Chrome/89.0.4389.82 Safari/537.36","errors":"","cost":0}
{"level":"DEBUG","time":"2021-04-14T16:03:06.994+0800","caller":"go_cli/main.go:36","msg":"logger init success..."}
{"level":"DEBUG","time":"2021-04-14T16:03:19.677+0800","caller":"go_cli/main.go:36","msg":"logger init success..."}
